
> solid-devtools-extension@0.19.4 build /workspace/solid-devtools/packages/extension
> npm run clean && vite build && node scripts/zip.cjs


> solid-devtools-extension@0.19.4 clean
> rimraf dist dist.zip

vite v3.2.4 building for production...
transforming...
✓ 57 modules transformed.
rendering chunks...
dist/index.html                                                     0.80 KiB
dist/popup/popup.html                                               0.65 KiB
dist/devtools/devtools.html                                         0.50 KiB
dist/manifest.json                                                  1.50 KiB
dist/assets/content-script-loader.content.ts.df5d3b08.6f00da4c.js   0.19 KiB
dist/service-worker-loader.js                                       0.04 KiB
dist/assets/icons/solid-normal-16.png                               1.08 KiB
dist/assets/icons/solid-normal-32.png                               1.67 KiB
dist/assets/icons/solid-normal-48.png                               2.60 KiB
dist/assets/icons/solid-normal-128.png                              7.66 KiB
dist/assets/icons/solid-gray-32.png                                 1.66 KiB
dist/assets/icons/solid-gray-48.png                                 2.52 KiB
dist/assets/icons/solid-gray-16.png                                 1.08 KiB
dist/assets/icons/solid-gray-128.png                                7.07 KiB
dist/assets/modulepreload-polyfill.c7c6310f.js                      0.69 KiB / gzip: 0.39 KiB
dist/assets/chunk-OKMKW7SY.b5cd78f7.js                              1.42 KiB / gzip: 0.75 KiB
dist/assets/chunk-7NOROMYZ.f0d1f7d8.js                              1.23 KiB / gzip: 0.62 KiB
dist/assets/web.e00e0105.js                                         17.68 KiB / gzip: 7.01 KiB
dist/assets/content.ts.df5d3b08.js                                  1.49 KiB / gzip: 0.89 KiB
dist/assets/background.ts.f14c816d.js                               2.75 KiB / gzip: 1.04 KiB
dist/assets/icons.c6dd0c65.js                                       0.34 KiB / gzip: 0.14 KiB
dist/assets/devtools.html.57182e62.js                               0.61 KiB / gzip: 0.41 KiB
dist/assets/popup.html.ab8ea373.js                                  1.50 KiB / gzip: 0.80 KiB
dist/assets/realWorld.a90e9989.js                                   0.15 KiB / gzip: 0.15 KiB
dist/assets/popup.c8fc5a4e.css                                      0.48 KiB / gzip: 0.28 KiB
dist/assets/index.cf0a1f08.css                                      18.47 KiB / gzip: 4.08 KiB
dist/assets/panel.f484fe10.js                                       71.26 KiB / gzip: 22.32 KiB
