
> @solid-devtools/shared@0.10.1 build /workspace/solid-devtools/packages/shared
> tsup

CLI Building entry: src/index.ts, src/utils.ts, src/primitives.ts
CLI Using tsconfig: tsconfig.json
CLI tsup v6.5.0
CLI Using tsup config: /workspace/solid-devtools/packages/shared/tsup.config.ts
CLI Target: esnext
CLI Cleaning output folder
CJS Build start
ESM Build start
CJS dist/index.cjs      7.95 KB
CJS dist/utils.cjs      3.56 KB
CJS dist/primitives.cjs 5.56 KB
CJS ⚡️ Build success in 25ms
ESM dist/chunk-OKMKW7SY.js 2.72 KB
ESM dist/primitives.js     465.00 B
ESM dist/chunk-BGRVHE3T.js 4.33 KB
ESM dist/chunk-UICA3PK6.js 191.00 B
ESM dist/utils.js          513.00 B
ESM dist/index.js          218.00 B
ESM ⚡️ Build success in 25ms
DTS Build start
DTS ⚡️ Build success in 2010ms
DTS dist/index.d.ts               262.00 B
DTS dist/primitives.d.ts          471.00 B
DTS dist/utils.d.ts               300.00 B
DTS dist/primitives-3664f59d.d.ts 4.48 KB
DTS dist/utils-725a6bed.d.ts      3.19 KB
